#
# There is insufficient memory for the Java Runtime Environment to continue.
# Native memory allocation (malloc) failed to allocate 1048576 bytes for AllocateHeap
# Possible reasons:
#   The system is out of physical RAM or swap space
#   In 32 bit mode, the process size limit was hit
# Possible solutions:
#   Reduce memory load on the system
#   Increase physical memory or swap space
#   Check if swap backing store is full
#   Use 64 bit Java on a 64 bit OS
#   Decrease Java heap size (-Xmx/-Xms)
#   Decrease number of Java threads
#   Decrease Java thread stack sizes (-Xss)
#   Set larger code cache with -XX:ReservedCodeCacheSize=
# This output file may be truncated or incomplete.
#
#  Out of Memory Error (memory/allocation.inline.hpp:61), pid=17608, tid=0x0000000000002db4
#
# JRE version:  (8.0) (build )
# Java VM: OpenJDK 64-Bit Server VM (25.71-b00 mixed mode windows-amd64 compressed oops)
# Failed to write core dump. Minidumps are not enabled by default on client versions of Windows
#

---------------  T H R E A D  ---------------

Current thread (0x0000000002f13800):  JavaThread "Unknown thread" [_thread_in_vm, id=11700, stack(0x0000000002e10000,0x0000000002f10000)]

Stack: [0x0000000002e10000,0x0000000002f10000]
[error occurred during error reporting (printing stack bounds), id 0xc0000005]

Native frames: (J=compiled Java code, j=interpreted, Vv=VM code, C=native code)


---------------  P R O C E S S  ---------------

Java Threads: ( => current thread )

Other Threads:

=>0x0000000002f13800 (exited) JavaThread "Unknown thread" [_thread_in_vm, id=11700, stack(0x0000000002e10000,0x0000000002f10000)]

VM state:not at safepoint (normal execution)

VM Mutex/Monitor currently owned by a thread: None

Heap:
 PSYoungGen      total 56832K, used 983K [0x0000000780b00000, 0x0000000784a00000, 0x00000007c0000000)
  eden space 49152K, 2% used [0x0000000780b00000,0x0000000780bf5c38,0x0000000783b00000)
  from space 7680K, 0% used [0x0000000784280000,0x0000000784280000,0x0000000784a00000)
  to   space 7680K, 0% used [0x0000000783b00000,0x0000000783b00000,0x0000000784280000)
 ParOldGen       total 130048K, used 0K [0x0000000702000000, 0x0000000709f00000, 0x0000000780b00000)
  object space 130048K, 0% used [0x0000000702000000,0x0000000702000000,0x0000000709f00000)
 Metaspace       used 777K, capacity 4480K, committed 4480K, reserved 1056768K
  class space    used 74K, capacity 384K, committed 384K, reserved 1048576K

Card table byte_map: [0x00000000123d0000,0x00000000129d0000] byte_map_base: 0x000000000ebc0000

Marking Bits: (ParMarkBitMap*) 0x000000005badbe50
 Begin Bits: [0x00000000131d0000, 0x0000000016150000)
 End Bits:   [0x0000000016150000, 0x00000000190d0000)

Polling page: 0x0000000001110000

CodeCache: size=245760Kb used=328Kb max_used=328Kb free=245431Kb
 bounds [0x0000000003010000, 0x0000000003280000, 0x0000000012010000]
 total_blobs=57 nmethods=0 adapters=38
 compilation: enabled

Compilation events (0 events):
No events

GC Heap History (0 events):
No events

Deoptimization events (0 events):
No events

Classes redefined (0 events):
No events

Internal exceptions (0 events):
No events

Events (10 events):
Event: 0.017 loading class java/lang/Short
Event: 0.017 loading class java/lang/Short done
Event: 0.017 loading class java/lang/Integer
Event: 0.017 loading class java/lang/Integer done
Event: 0.017 loading class java/lang/Long
Event: 0.017 loading class java/lang/Long done
Event: 0.018 loading class java/lang/NullPointerException
Event: 0.018 loading class java/lang/NullPointerException done
Event: 0.018 loading class java/lang/ArithmeticException
Event: 0.018 loading class java/lang/ArithmeticException done


Dynamic libraries:
0x00007ff692da0000 - 0x00007ff692dd5000 	C:\Program Files\Unity\Editor\Data\PlaybackEngines\AndroidPlayer\Tools\OpenJDK\Windows\bin\java.exe
0x00007ffc9f9d0000 - 0x00007ffc9fbbd000 	C:\Windows\SYSTEM32\ntdll.dll
0x00007ffc9cbf0000 - 0x00007ffc9cca3000 	C:\Windows\System32\KERNEL32.DLL
0x00007ffc9c770000 - 0x00007ffc9ca04000 	C:\Windows\System32\KERNELBASE.dll
0x00007ffc9f0b0000 - 0x00007ffc9f153000 	C:\Windows\System32\ADVAPI32.dll
0x00007ffc9efb0000 - 0x00007ffc9f04e000 	C:\Windows\System32\msvcrt.dll
0x00007ffc9f7a0000 - 0x00007ffc9f83e000 	C:\Windows\System32\sechost.dll
0x00007ffc9f5e0000 - 0x00007ffc9f702000 	C:\Windows\System32\RPCRT4.dll
0x00007ffc9ee10000 - 0x00007ffc9efa7000 	C:\Windows\System32\USER32.dll
0x00007ffc9ba80000 - 0x00007ffc9baa0000 	C:\Windows\System32\win32u.dll
0x00007ffc9ede0000 - 0x00007ffc9ee09000 	C:\Windows\System32\GDI32.dll
0x00007ffc9baa0000 - 0x00007ffc9bc3c000 	C:\Windows\System32\gdi32full.dll
0x00007ffc9c620000 - 0x00007ffc9c6c0000 	C:\Windows\System32\msvcp_win.dll
0x00007ffc9c4d0000 - 0x00007ffc9c5ca000 	C:\Windows\System32\ucrtbase.dll
0x00007ffc90f00000 - 0x00007ffc91179000 	C:\Windows\WinSxS\amd64_microsoft.windows.common-controls_6595b64144ccf1df_6.0.17763.1457_none_de7243e4534a70d1\COMCTL32.dll
0x00007ffc9ce70000 - 0x00007ffc9d19d000 	C:\Windows\System32\combase.dll
0x00007ffc9bc40000 - 0x00007ffc9bcbe000 	C:\Windows\System32\bcryptPrimitives.dll
0x00007ffc9f5b0000 - 0x00007ffc9f5de000 	C:\Windows\System32\IMM32.DLL
0x000000005cb50000 - 0x000000005cc22000 	C:\Program Files\Unity\Editor\Data\PlaybackEngines\AndroidPlayer\Tools\OpenJDK\Windows\jre\bin\msvcr100.dll
0x000000005b310000 - 0x000000005bb59000 	C:\Program Files\Unity\Editor\Data\PlaybackEngines\AndroidPlayer\Tools\OpenJDK\Windows\jre\bin\server\jvm.dll
0x00007ffc9f790000 - 0x00007ffc9f798000 	C:\Windows\System32\PSAPI.DLL
0x00007ffc8e140000 - 0x00007ffc8e164000 	C:\Windows\SYSTEM32\WINMM.dll
0x00007ffc99f10000 - 0x00007ffc99f19000 	C:\Windows\SYSTEM32\WSOCK32.dll
0x00007ffc93f50000 - 0x00007ffc93f5a000 	C:\Windows\SYSTEM32\VERSION.dll
0x00007ffc9f360000 - 0x00007ffc9f3cd000 	C:\Windows\System32\WS2_32.dll
0x00007ffc8e110000 - 0x00007ffc8e13d000 	C:\Windows\SYSTEM32\winmmbase.dll
0x00007ffc9c5d0000 - 0x00007ffc9c61a000 	C:\Windows\System32\cfgmgr32.dll
0x00007ffc905d0000 - 0x00007ffc905df000 	C:\Program Files\Unity\Editor\Data\PlaybackEngines\AndroidPlayer\Tools\OpenJDK\Windows\jre\bin\verify.dll
0x00007ffc75a90000 - 0x00007ffc75ab9000 	C:\Program Files\Unity\Editor\Data\PlaybackEngines\AndroidPlayer\Tools\OpenJDK\Windows\jre\bin\java.dll
0x00007ffc8fed0000 - 0x00007ffc8fee6000 	C:\Program Files\Unity\Editor\Data\PlaybackEngines\AndroidPlayer\Tools\OpenJDK\Windows\jre\bin\zip.dll

VM Arguments:
jvm_args: -Dcom.android.sdkmanager.toolsdir=C:\Users\DIEZIO\AppData\Local\Android\sdk\tools\bin\\.. 
java_command: com.android.sdklib.tool.AvdManagerCli list target -c
java_class_path (initial): C:\Users\DIEZIO\AppData\Local\Android\sdk\tools\bin\..\lib\dvlib-26.0.0-dev.jar;C:\Users\DIEZIO\AppData\Local\Android\sdk\tools\bin\..\lib\jimfs-1.1.jar;C:\Users\DIEZIO\AppData\Local\Android\sdk\tools\bin\..\lib\jsr305-1.3.9.jar;C:\Users\DIEZIO\AppData\Local\Android\sdk\tools\bin\..\lib\repository-26.0.0-dev.jar;C:\Users\DIEZIO\AppData\Local\Android\sdk\tools\bin\..\lib\j2objc-annotations-1.1.jar;C:\Users\DIEZIO\AppData\Local\Android\sdk\tools\bin\..\lib\layoutlib-api-26.0.0-dev.jar;C:\Users\DIEZIO\AppData\Local\Android\sdk\tools\bin\..\lib\gson-2.3.jar;C:\Users\DIEZIO\AppData\Local\Android\sdk\tools\bin\..\lib\httpcore-4.2.5.jar;C:\Users\DIEZIO\AppData\Local\Android\sdk\tools\bin\..\lib\commons-logging-1.1.1.jar;C:\Users\DIEZIO\AppData\Local\Android\sdk\tools\bin\..\lib\commons-compress-1.12.jar;C:\Users\DIEZIO\AppData\Local\Android\sdk\tools\bin\..\lib\annotations-26.0.0-dev.jar;C:\Users\DIEZIO\AppData\Local\Android\sdk\tools\bin\..\lib\error_prone_annotations-2.0.18.jar;C:\Users\DIEZIO\AppData\Local\Android\sdk\tools\bin\..\lib\animal-sniffer-annotations-1.14.jar;C:\Users\DIEZIO\AppData\Local\Android\sdk\tools\bin\..\lib\httpclient-4.2.6.jar;C:\Users\DIEZIO\AppData\Local\Android\sdk\tools\bin\..\lib\commons-codec-1.6.jar;C:\Users\DIEZIO\AppData\Local\Android\sdk\tools\bin\..\lib\common-26.0.0-dev.jar;C:\Users\DIEZIO\AppData\Local\Android\sdk\tools\bin\..\lib\kxml2-2.3.0.jar;C:\Users\DIEZIO\AppData\Local\Android\sdk\tools\bin\..\lib\httpmime-4.1.jar;C:\Users\DIEZIO\AppData\Local\Android\sdk\tools\bin\..\lib\annotations-12.0.jar;C:\Users\DIEZIO\AppData\Local\Android\sdk\tools\bin\..\lib\sdklib-26.0.0-dev.jar;C:\Users\DIEZIO\AppData\Local\Android\sdk\tools\bin\..\lib\guava-22.0.jar
Launcher Type: SUN_STANDARD

Environment Variables:
JAVA_HOME=C:\Program Files\Unity\Editor\Data\PlaybackEngines\AndroidPlayer/Tools\OpenJDK\Windows
CLASSPATH=C:\Users\DIEZIO\AppData\Local\Android\sdk\tools\bin\..\lib\dvlib-26.0.0-dev.jar;C:\Users\DIEZIO\AppData\Local\Android\sdk\tools\bin\..\lib\jimfs-1.1.jar;C:\Users\DIEZIO\AppData\Local\Android\sdk\tools\bin\..\lib\jsr305-1.3.9.jar;C:\Users\DIEZIO\AppData\Local\Android\sdk\tools\bin\..\lib\repository-26.0.0-dev.jar;C:\Users\DIEZIO\AppData\Local\Android\sdk\tools\bin\..\lib\j2objc-annotations-1.1.jar;C:\Users\DIEZIO\AppData\Local\Android\sdk\tools\bin\..\lib\layoutlib-api-26.0.0-dev.jar;C:\Users\DIEZIO\AppData\Local\Android\sdk\tools\bin\..\lib\gson-2.3.jar;C:\Users\DIEZIO\AppData\Local\Android\sdk\tools\bin\..\lib\httpcore-4.2.5.jar;C:\Users\DIEZIO\AppData\Local\Android\sdk\tools\bin\..\lib\commons-logging-1.1.1.jar;C:\Users\DIEZIO\AppData\Local\Android\sdk\tools\bin\..\lib\commons-compress-1.12.jar;C:\Users\DIEZIO\AppData\Local\Android\sdk\tools\bin\..\lib\annotations-26.0.0-dev.jar;C:\Users\DIEZIO\AppData\Local\Android\sdk\tools\bin\..\lib\error_prone_annotations-2.0.18.jar;C:\Users\DIEZIO\AppData\Local\Android\sdk\tools\bin\..\lib\animal-sniffer-annotations-1.14.jar;C:\Users\DIEZIO\AppData\Local\Android\sdk\tools\bin\..\lib\httpclient-4.2.6.jar;C:\Users\DIEZIO\AppData\Local\Android\sdk\tools\bin\..\lib\commons-codec-1.6.jar;C:\Users\DIEZIO\AppData\Local\Android\sdk\tools\bin\..\lib\common-26.0.0-dev.jar;C:\Users\DIEZIO\AppData\Local\Android\sdk\tools\bin\..\lib\kxml2-2.3.0.jar;C:\Users\DIEZIO\AppData\Local\Android\sdk\tools\bin\..\lib\httpmime-4.1.jar;C:\Users\DIEZIO\AppData\Local\Android\sdk\tools\bin\..\lib\annotations-12.0.jar;C:\Users\DIEZIO\AppData\Local\Android\sdk\tools\bin\..\lib\sdklib-26.0.0-dev.jar;C:\Users\DIEZIO\AppData\Local\Android\sdk\tools\bin\..\lib\guava-22.0.jar
PATH=C:\Program Files (x86)\Common Files\Oracle\Java\javapath;C:\Windows\system32;C:\Windows;C:\Windows\System32\Wbem;C:\Windows\System32\WindowsPowerShell\v1.0\;C:\Windows\System32\OpenSSH\;C:\Program Files (x86)\NVIDIA Corporation\PhysX\Common;C:\Program Files\NVIDIA Corporation\NVIDIA NvDLISR;C:\Program Files\nodejs\;C:\Program Files\Git\cmd;C:\Users\DIEZIO\AppData\Local\Microsoft\WindowsApps;;C:\Users\DIEZIO\AppData\Local\Programs\Microsoft VS Code\bin;C:\Users\DIEZIO\AppData\Roaming\npm
USERNAME=DIEZIO
OS=Windows_NT
PROCESSOR_IDENTIFIER=Intel64 Family 6 Model 61 Stepping 4, GenuineIntel



---------------  S Y S T E M  ---------------

OS: Windows 10.0 , 64 bit Build 17763 (10.0.17763.475)

CPU:total 4 (initial active 4) (2 cores per cpu, 2 threads per core) family 6 model 61 stepping 4, cmov, cx8, fxsr, mmx, sse, sse2, sse3, ssse3, sse4.1, sse4.2, popcnt, avx, avx2, aes, clmul, erms, 3dnowpref, lzcnt, ht, tsc, tscinvbit, bmi1, bmi2, adx

Memory: 4k page, physical 12447112k(3391440k free), swap 14920072k(5632k free)

vm_info: OpenJDK 64-Bit Server VM (25.71-b00) for windows-amd64 JRE (1.8.0-adoptopenjdk-_2018_05_19_00_59-b00), built on May 19 2018 01:02:12 by "jenkins" with MS VC++ 10.0 (VS2010)

time: Mon Oct 05 00:13:05 2020
elapsed time: 0 seconds (0d 0h 0m 0s)

